<?xml version="1.0" encoding="UTF-8"?>
<testsuite name="rspec" tests="28" skipped="0" failures="0" errors="0" time="1.780294" timestamp="2021-06-13T18:44:30-03:00" hostname="H4seo-PC">
<properties>
<property name="seed" value="18662"/>
</properties>
<testcase classname="spec.scenarios.booking_post_spec" name="POST /equipos/{equipo_id}/bookings solicitar locacao deve retornar 200" file="./spec/scenarios/booking_post_spec.rb" time="0.012489"></testcase>
<testcase classname="spec.scenarios.equipo_delete_spec" name="DELETE / equipos/{equipo_id} obter unico equipo deve retornar 204" file="./spec/scenarios/equipo_delete_spec.rb" time="0.000168"></testcase>
<testcase classname="spec.scenarios.equipo_delete_spec" name="DELETE / equipos/{equipo_id} equipo nao existe deve retornar 204" file="./spec/scenarios/equipo_delete_spec.rb" time="0.000210"></testcase>
<testcase classname="spec.scenarios.equipo_get_spec" name="GET/ equipos/{equipo_id} obter unico equipo deve retornar 200" file="./spec/scenarios/equipo_get_spec.rb" time="0.000154"></testcase>
<testcase classname="spec.scenarios.equipo_get_spec" name="GET/ equipos/{equipo_id} obter unico equipo deve retornar o nome" file="./spec/scenarios/equipo_get_spec.rb" time="0.020164"></testcase>
<testcase classname="spec.scenarios.equipo_get_spec" name="GET/ equipos/{equipo_id} equipo nao existe deve retornar 404" file="./spec/scenarios/equipo_get_spec.rb" time="0.000176"></testcase>
<testcase classname="spec.scenarios.equipo_get_spec" name="GET /equipos obter uma lista deve retornar 200" file="./spec/scenarios/equipo_get_spec.rb" time="0.000180"></testcase>
<testcase classname="spec.scenarios.equipo_get_spec" name="GET /equipos obter uma lista deve retonar uma lista de equipos" file="./spec/scenarios/equipo_get_spec.rb" time="0.021345"></testcase>
<testcase classname="spec.scenarios.equipo_post_spec" name="POST /equipos novo equipo deve retornar 200" file="./spec/scenarios/equipo_post_spec.rb" time="0.000309"></testcase>
<testcase classname="spec.scenarios.equipo_post_spec" name="POST /equipos nao autorizado deve retornar 401" file="./spec/scenarios/equipo_post_spec.rb" time="0.000171"></testcase>
<testcase classname="spec.scenarios.session_post_spec" name="POST /sessions login com sucesso valida status conde" file="./spec/scenarios/session_post_spec.rb" time="0.000166"></testcase>
<testcase classname="spec.scenarios.session_post_spec" name="POST /sessions login com sucesso valida id do usuário" file="./spec/scenarios/session_post_spec.rb" time="0.000264"></testcase>
<testcase classname="spec.scenarios.session_post_spec" name="POST /sessions senha incorreta valida status conde 401" file="./spec/scenarios/session_post_spec.rb" time="0.000193"></testcase>
<testcase classname="spec.scenarios.session_post_spec" name="POST /sessions senha incorreta valida id do usuário" file="./spec/scenarios/session_post_spec.rb" time="0.000176"></testcase>
<testcase classname="spec.scenarios.session_post_spec" name="POST /sessions usuario não existe valida status conde 401" file="./spec/scenarios/session_post_spec.rb" time="0.000160"></testcase>
<testcase classname="spec.scenarios.session_post_spec" name="POST /sessions usuario não existe valida id do usuário" file="./spec/scenarios/session_post_spec.rb" time="0.000171"></testcase>
<testcase classname="spec.scenarios.session_post_spec" name="POST /sessions email em branco valida status conde 412" file="./spec/scenarios/session_post_spec.rb" time="0.000205"></testcase>
<testcase classname="spec.scenarios.session_post_spec" name="POST /sessions email em branco valida id do usuário" file="./spec/scenarios/session_post_spec.rb" time="0.000182"></testcase>
<testcase classname="spec.scenarios.session_post_spec" name="POST /sessions sem o campo email valida status conde 412" file="./spec/scenarios/session_post_spec.rb" time="0.000254"></testcase>
<testcase classname="spec.scenarios.session_post_spec" name="POST /sessions sem o campo email valida id do usuário" file="./spec/scenarios/session_post_spec.rb" time="0.000185"></testcase>
<testcase classname="spec.scenarios.session_post_spec" name="POST /sessions senha em branco valida status conde 412" file="./spec/scenarios/session_post_spec.rb" time="0.000272"></testcase>
<testcase classname="spec.scenarios.session_post_spec" name="POST /sessions senha em branco valida id do usuário" file="./spec/scenarios/session_post_spec.rb" time="0.000178"></testcase>
<testcase classname="spec.scenarios.session_post_spec" name="POST /sessions sem o campo senha valida status conde 412" file="./spec/scenarios/session_post_spec.rb" time="0.000154"></testcase>
<testcase classname="spec.scenarios.session_post_spec" name="POST /sessions sem o campo senha valida id do usuário" file="./spec/scenarios/session_post_spec.rb" time="0.000371"></testcase>
<testcase classname="spec.scenarios.signup_post_spec" name="POST /signup novo usuario valida status conde" file="./spec/scenarios/signup_post_spec.rb" time="0.000148"></testcase>
<testcase classname="spec.scenarios.signup_post_spec" name="POST /signup novo usuario valida id do usuário" file="./spec/scenarios/signup_post_spec.rb" time="0.000229"></testcase>
<testcase classname="spec.scenarios.signup_post_spec" name="POST /signup usuario ja existe valida status conde 409" file="./spec/scenarios/signup_post_spec.rb" time="0.000150"></testcase>
<testcase classname="spec.scenarios.signup_post_spec" name="POST /signup usuario ja existe deve retornar mensagem" file="./spec/scenarios/signup_post_spec.rb" time="0.000173"></testcase>
</testsuite>
